<?xml version="1.0" encoding="UTF-8"?>
<!-- Generated by org.testng.reporters.JUnitReportReporter -->
<testsuite skipped="0" hostname="DESKTOP-8737B1J" name="com.crm.qa.testcases.ContactsPageTest" tests="1" failures="0" timestamp="11 May 2018 00:46:21 GMT" time="46.821" errors="0">
  <testcase name="verifyContactsPageLabel" time="46.821" classname="com.crm.qa.testcases.ContactsPageTest"/>
</testsuite> <!-- com.crm.qa.testcases.ContactsPageTest -->
