<?xml version="1.0" encoding="UTF-8"?>
<!-- Generated by org.testng.reporters.JUnitReportReporter -->
<testsuite skipped="0" hostname="DESKTOP-8737B1J" name="com.crm.qa.testcases.TestTesNG" tests="1" failures="0" timestamp="10 May 2018 11:36:53 GMT" time="0.016" errors="0">
  <testcase name="setUP" time="0.016" classname="com.crm.qa.testcases.TestTesNG"/>
</testsuite> <!-- com.crm.qa.testcases.TestTesNG -->
