<?xml version="1.0" encoding="UTF-8"?>
<!-- Generated by org.testng.reporters.JUnitReportReporter -->
<testsuite skipped="0" hostname="DESKTOP-8737B1J" name="com.crm.qa.testcases.LoginPageTest" tests="1" failures="0" timestamp="10 May 2018 12:02:20 GMT" time="46.288" errors="0">
  <testcase name="loginTest" time="46.288" classname="com.crm.qa.testcases.LoginPageTest"/>
</testsuite> <!-- com.crm.qa.testcases.LoginPageTest -->
